INFO:root:[21:12:04]consumerThread 线程启动成功
INFO:root:[21:12:04]任务请求进入队列
INFO:root:[21:12:04]开始检测
INFO:root:[21:12:04]任务请求进入队列
INFO:root:[21:12:04]任务请求进入队列
INFO:root:[21:12:04]任务请求进入队列
INFO:root:[21:12:04]任务请求进入队列
INFO:root:[21:12:04]任务请求进入队列
INFO:root:[21:12:04]任务请求进入队列
INFO:root:[21:12:04]任务请求进入队列
INFO:root:[21:12:04]任务请求进入队列
INFO:root:[21:12:04]任务请求进入队列
INFO:root:[21:25:51]consumerThread 线程启动成功
INFO:root:[21:25:51]任务请求进入队列
INFO:root:[21:25:51]开始检测
INFO:root:[21:25:51]任务请求进入队列
INFO:root:[21:25:51]任务请求进入队列
INFO:root:[21:25:51]任务请求进入队列
INFO:root:[21:25:51]任务请求进入队列
INFO:root:[21:25:51]任务请求进入队列
INFO:root:[21:25:51]任务请求进入队列
INFO:root:[21:25:51]任务请求进入队列
INFO:root:[21:25:51]任务请求进入队列
INFO:root:[21:25:51]任务请求进入队列
INFO:root:[21:26:19]consumerThread 线程启动成功
INFO:root:[21:26:19]任务请求进入队列
INFO:root:[21:26:19]开始检测
INFO:root:[21:26:19]任务请求进入队列
INFO:root:[21:26:19]任务请求进入队列
INFO:root:[21:26:19]任务请求进入队列
INFO:root:[21:26:19]任务请求进入队列
INFO:root:[21:26:19]任务请求进入队列
INFO:root:[21:26:19]任务请求进入队列
INFO:root:[21:26:19]任务请求进入队列
INFO:root:[21:26:19]任务请求进入队列
INFO:root:[21:26:19]任务请求进入队列
INFO:root:[21:26:30]consumerThread 线程启动成功
INFO:root:[21:26:30]任务请求进入队列
INFO:root:[21:26:30]开始检测
INFO:root:[21:26:30]任务请求进入队列
INFO:root:[21:26:30]任务请求进入队列
INFO:root:[21:26:30]任务请求进入队列
INFO:root:[21:26:30]任务请求进入队列
INFO:root:[21:26:30]任务请求进入队列
INFO:root:[21:26:30]任务请求进入队列
INFO:root:[21:26:30]任务请求进入队列
INFO:root:[21:26:30]任务请求进入队列
INFO:root:[21:26:30]任务请求进入队列
INFO:root:[21:27:12]consumerThread 线程启动成功
INFO:root:[21:27:12]任务请求进入队列
INFO:root:[21:27:12]开始检测
INFO:root:[21:27:12]任务请求进入队列
INFO:root:[21:27:12]任务请求进入队列
INFO:root:[21:27:12]任务请求进入队列
INFO:root:[21:27:12]任务请求进入队列
INFO:root:[21:27:12]任务请求进入队列
INFO:root:[21:27:12]任务请求进入队列
INFO:root:[21:27:12]任务请求进入队列
INFO:root:[21:27:12]任务请求进入队列
INFO:root:[21:27:12]任务请求进入队列
INFO:root:[21:27:24]consumerThread 线程启动成功
INFO:root:[21:27:24]任务请求进入队列
INFO:root:[21:27:24]开始检测
INFO:root:[21:27:24]任务请求进入队列
INFO:root:[21:27:24]任务请求进入队列
INFO:root:[21:27:24]任务请求进入队列
INFO:root:[21:27:24]任务请求进入队列
INFO:root:[21:27:24]任务请求进入队列
INFO:root:[21:27:24]任务请求进入队列
INFO:root:[21:27:24]任务请求进入队列
INFO:root:[21:27:24]任务请求进入队列
INFO:root:[21:27:24]任务请求进入队列
INFO:root:[21:27:26]图片id = 0 检测完成
INFO:root:[21:27:41]consumerThread 线程启动成功
INFO:root:[21:27:41]任务请求进入队列
INFO:root:[21:27:41]开始检测
INFO:root:[21:27:41]任务请求进入队列
INFO:root:[21:27:41]任务请求进入队列
INFO:root:[21:27:41]任务请求进入队列
INFO:root:[21:27:41]任务请求进入队列
INFO:root:[21:27:41]任务请求进入队列
INFO:root:[21:27:41]任务请求进入队列
INFO:root:[21:27:41]任务请求进入队列
INFO:root:[21:27:41]任务请求进入队列
INFO:root:[21:27:41]任务请求进入队列
INFO:root:[21:27:43]图片id = 0 检测完成
INFO:root:[21:27:43]结果发送成功
INFO:root:[21:27:43]开始检测
INFO:root:[21:27:43]图片id = 0 检测完成
INFO:root:[21:27:43]结果发送成功
INFO:root:[21:27:43]开始检测
INFO:root:[21:27:43]图片id = 0 检测完成
INFO:root:[21:27:43]结果发送成功
INFO:root:[21:27:43]开始检测
INFO:root:[21:27:43]图片id = 0 检测完成
INFO:root:[21:27:43]结果发送成功
INFO:root:[21:27:43]开始检测
INFO:root:[21:27:43]图片id = 0 检测完成
INFO:root:[21:27:43]结果发送成功
INFO:root:[21:27:43]开始检测
INFO:root:[21:27:43]图片id = 0 检测完成
INFO:root:[21:27:44]结果发送成功
INFO:root:[21:27:44]开始检测
INFO:root:[21:27:44]图片id = 0 检测完成
INFO:root:[21:27:44]结果发送成功
INFO:root:[21:27:44]开始检测
INFO:root:[21:27:44]图片id = 0 检测完成
INFO:root:[21:27:44]结果发送成功
INFO:root:[21:27:44]开始检测
INFO:root:[21:27:44]图片id = 0 检测完成
INFO:root:[21:27:44]结果发送成功
INFO:root:[21:27:44]开始检测
INFO:root:[21:27:44]图片id = 0 检测完成
INFO:root:[21:27:44]结果发送成功
INFO:root:[21:28:56]consumerThread 线程启动成功
INFO:root:[21:28:56]consumerThread 线程启动成功
INFO:root:[21:28:56]任务请求进入队列
INFO:root:[21:28:56]开始检测
INFO:root:[21:28:57]图片id = 0 检测完成
INFO:root:[21:28:57]结果发送成功
INFO:root:[21:29:29]consumerThread 线程启动成功
INFO:root:[21:29:29]任务请求进入队列
INFO:root:[21:29:29]开始检测
INFO:root:[21:29:31]图片id = 0 检测完成
INFO:root:[21:29:31]结果发送成功
